0 info it worked if it ends with ok
1 verbose cli [ '/home/avnish/.linuxbrew/Cellar/node/7.4.0/bin/node',
1 verbose cli   '/home/avnish/.linuxbrew/bin/npm',
1 verbose cli   'start' ]
2 info using npm@4.0.5
3 info using node@v7.4.0
4 verbose run-script [ 'prestart', 'start', 'poststart' ]
5 info lifecycle Simple-Server@1.0.0~prestart: Simple-Server@1.0.0
6 silly lifecycle Simple-Server@1.0.0~prestart: no script for prestart, continuing
7 info lifecycle Simple-Server@1.0.0~start: Simple-Server@1.0.0
8 verbose lifecycle Simple-Server@1.0.0~start: unsafe-perm in lifecycle true
9 verbose lifecycle Simple-Server@1.0.0~start: PATH: /home/avnish/.linuxbrew/lib/node_modules/npm/bin/node-gyp-bin:/home/avnish/Workspace/simple-express-server/lite-express-local-server/node_modules/.bin:/home/avnish/.linuxbrew/bin:/home/avnish/.linuxbrew/bin:/home/avnish/.linuxbrew/bin:/usr/lib64/qt-3.3/bin:/usr/local/bin:/usr/local/sbin:/usr/bin:/usr/sbin:/bin:/sbin:/home/avnish/.local/bin:/home/avnish/bin:/home/avnish/.local/bin:/home/avnish/bin
10 verbose lifecycle Simple-Server@1.0.0~start: CWD: /home/avnish/Workspace/simple-express-server/lite-express-local-server
11 silly lifecycle Simple-Server@1.0.0~start: Args: [ '-c', 'node ./bin/www' ]
12 silly lifecycle Simple-Server@1.0.0~start: Returned: code: 1  signal: null
13 info lifecycle Simple-Server@1.0.0~start: Failed to exec start script
14 verbose stack Error: Simple-Server@1.0.0 start: `node ./bin/www`
14 verbose stack Exit status 1
14 verbose stack     at EventEmitter.<anonymous> (/home/avnish/.linuxbrew/lib/node_modules/npm/lib/utils/lifecycle.js:279:16)
14 verbose stack     at emitTwo (events.js:106:13)
14 verbose stack     at EventEmitter.emit (events.js:191:7)
14 verbose stack     at ChildProcess.<anonymous> (/home/avnish/.linuxbrew/lib/node_modules/npm/lib/utils/spawn.js:40:14)
14 verbose stack     at emitTwo (events.js:106:13)
14 verbose stack     at ChildProcess.emit (events.js:191:7)
14 verbose stack     at maybeClose (internal/child_process.js:885:16)
14 verbose stack     at Process.ChildProcess._handle.onexit (internal/child_process.js:226:5)
15 verbose pkgid Simple-Server@1.0.0
16 verbose cwd /home/avnish/Workspace/simple-express-server/lite-express-local-server
17 error Linux 3.10.0-514.6.1.el7.x86_64
18 error argv "/home/avnish/.linuxbrew/Cellar/node/7.4.0/bin/node" "/home/avnish/.linuxbrew/bin/npm" "start"
19 error node v7.4.0
20 error npm  v4.0.5
21 error code ELIFECYCLE
22 error Simple-Server@1.0.0 start: `node ./bin/www`
22 error Exit status 1
23 error Failed at the Simple-Server@1.0.0 start script 'node ./bin/www'.
23 error Make sure you have the latest version of node.js and npm installed.
23 error If you do, this is most likely a problem with the Simple-Server package,
23 error not with npm itself.
23 error Tell the author that this fails on your system:
23 error     node ./bin/www
23 error You can get information on how to open an issue for this project with:
23 error     npm bugs Simple-Server
23 error Or if that isn't available, you can get their info via:
23 error     npm owner ls Simple-Server
23 error There is likely additional logging output above.
24 verbose exit [ 1, true ]
